<?xml version="1.0" encoding="UTF-8"?>
<TestRun id="1bf923cb-c967-4cae-a074-95d5ab861761" name="Human@HUMAN-PC 2012-04-18 10:35:10" runUser="Human-PC\Human" xmlns="http://microsoft.com/schemas/VisualStudio/TeamTest/2010">
  <TestSettings name="本地" id="784ef2bf-576a-43ab-bf05-7a9c7898302e">
    <Description>这些设置为本地测试运行的默认测试设置。</Description>
    <Deployment enabled="false" runDeploymentRoot="Human_HUMAN-PC 2012-04-18 10_35_10">
      <DeploymentItem filename="G:\Pro\C#\BlowlingGame\BlowlingGame\bin\Debug\BlowlingGame.exe" />
    </Deployment>
    <Execution>
      <TestTypeSpecific />
      <AgentRule name="Execution Agents">
      </AgentRule>
    </Execution>
  </TestSettings>
  <Times creation="2012-04-18T10:35:10.2508981+08:00" queuing="2012-04-18T10:35:12.0800028+08:00" start="2012-04-18T10:35:12.2700136+08:00" finish="2012-04-18T10:35:13.9021070+08:00" />
  <ResultSummary outcome="NotRunnable">
    <Counters total="4" executed="3" passed="3" error="0" failed="0" timeout="0" aborted="0" inconclusive="0" passedButRunAborted="0" notRunnable="1" notExecuted="0" disconnected="0" warning="0" completed="0" inProgress="0" pending="0" />
  </ResultSummary>
  <TestDefinitions>
    <UnitTest name="TestAllOne" storage="g:\pro\c#\blowlinggame\blowlinggametest\bin\debug\blowlinggametest.dll" id="94c5e80f-a579-d90d-a71f-5045933ffea2">
      <Execution id="891a799c-2d11-4729-9b9e-5a5ed4525a00" />
      <TestMethod codeBase="G:/Pro/C#/BlowlingGame/BlowlingGameTest/bin/Debug/BlowlingGameTest.DLL" adapterTypeName="Microsoft.VisualStudio.TestTools.TestTypes.Unit.UnitTestAdapter, Microsoft.VisualStudio.QualityTools.Tips.UnitTest.Adapter, Version=10.0.0.0, Culture=neutral, PublicKeyToken=b03f5f7f11d50a3a" className="BlowlingGameTest.UnitTest1, BlowlingGameTest, Version=1.0.0.0, Culture=neutral, PublicKeyToken=null" name="TestAllOne" />
    </UnitTest>
    <UnitTest name="RollSpare" storage="g:\pro\c#\blowlinggame\blowlinggametest\bin\debug\blowlinggametest.dll" id="b5e493ea-21b5-887a-d317-c2faaecc3402">
      <Execution id="c05abddd-4631-4ade-8f90-4d948271c77f" />
      <TestMethod codeBase="G:/Pro/C#/BlowlingGame/BlowlingGameTest/bin/Debug/BlowlingGameTest.DLL" adapterTypeName="Microsoft.VisualStudio.TestTools.TestTypes.Unit.UnitTestAdapter, Microsoft.VisualStudio.QualityTools.Tips.UnitTest.Adapter, Version=10.0.0.0, Culture=neutral, PublicKeyToken=b03f5f7f11d50a3a" className="BlowlingGameTest.UnitTest1, BlowlingGameTest, Version=1.0.0.0, Culture=neutral, PublicKeyToken=null" name="RollSpare" />
    </UnitTest>
    <UnitTest name="TestAllZero" storage="g:\pro\c#\blowlinggame\blowlinggametest\bin\debug\blowlinggametest.dll" id="7b79a6ba-6a0d-d8ca-3be5-a608a9d27939">
      <Execution id="5d38dddc-77b8-4e87-a0f6-f713ee96223d" />
      <TestMethod codeBase="G:/Pro/C#/BlowlingGame/BlowlingGameTest/bin/Debug/BlowlingGameTest.DLL" adapterTypeName="Microsoft.VisualStudio.TestTools.TestTypes.Unit.UnitTestAdapter, Microsoft.VisualStudio.QualityTools.Tips.UnitTest.Adapter, Version=10.0.0.0, Culture=neutral, PublicKeyToken=b03f5f7f11d50a3a" className="BlowlingGameTest.UnitTest1, BlowlingGameTest, Version=1.0.0.0, Culture=neutral, PublicKeyToken=null" name="TestAllZero" />
    </UnitTest>
    <UnitTest name="TestOneStrike" storage="g:\pro\c#\blowlinggame\blowlinggametest\bin\debug\blowlinggametest.dll" id="fe4a4d48-d931-73f5-7275-cc6ba94c7930">
      <Execution id="e1e16464-b17d-447e-96b6-3d95bddef97b" />
      <TestMethod codeBase="G:/Pro/C#/BlowlingGame/BlowlingGameTest/bin/Debug/BlowlingGameTest.DLL" adapterTypeName="Microsoft.VisualStudio.TestTools.TestTypes.Unit.UnitTestAdapter, Microsoft.VisualStudio.QualityTools.Tips.UnitTest.Adapter, Version=10.0.0.0, Culture=neutral, PublicKeyToken=b03f5f7f11d50a3a" className="BlowlingGameTest.UnitTest1, BlowlingGameTest, Version=1.0.0.0, Culture=neutral, PublicKeyToken=null" name="TestOneStrike" />
    </UnitTest>
  </TestDefinitions>
  <TestLists>
    <TestList name="列表中未列出的结果" id="8c84fa94-04c1-424b-9868-57a2d4851a1d" />
    <TestList name="所有已加载的结果" id="19431567-8539-422a-85d7-44ee4e166bda" />
  </TestLists>
  <TestEntries>
    <TestEntry testId="7b79a6ba-6a0d-d8ca-3be5-a608a9d27939" executionId="5d38dddc-77b8-4e87-a0f6-f713ee96223d" testListId="8c84fa94-04c1-424b-9868-57a2d4851a1d" />
    <TestEntry testId="94c5e80f-a579-d90d-a71f-5045933ffea2" executionId="891a799c-2d11-4729-9b9e-5a5ed4525a00" testListId="8c84fa94-04c1-424b-9868-57a2d4851a1d" />
    <TestEntry testId="b5e493ea-21b5-887a-d317-c2faaecc3402" executionId="c05abddd-4631-4ade-8f90-4d948271c77f" testListId="8c84fa94-04c1-424b-9868-57a2d4851a1d" />
    <TestEntry testId="fe4a4d48-d931-73f5-7275-cc6ba94c7930" executionId="e1e16464-b17d-447e-96b6-3d95bddef97b" testListId="8c84fa94-04c1-424b-9868-57a2d4851a1d" />
  </TestEntries>
  <Results>
    <UnitTestResult executionId="5d38dddc-77b8-4e87-a0f6-f713ee96223d" testId="7b79a6ba-6a0d-d8ca-3be5-a608a9d27939" testName="TestAllZero" computerName="HUMAN-PC" duration="00:00:00.0331748" startTime="2012-04-18T10:35:12.3800199+08:00" endTime="2012-04-18T10:35:13.7070958+08:00" testType="13cdc9d9-ddb5-4fa4-a97d-d965ccfc6d4b" outcome="Passed" testListId="8c84fa94-04c1-424b-9868-57a2d4851a1d" relativeResultsDirectory="5d38dddc-77b8-4e87-a0f6-f713ee96223d">
    </UnitTestResult>
    <UnitTestResult executionId="891a799c-2d11-4729-9b9e-5a5ed4525a00" testId="94c5e80f-a579-d90d-a71f-5045933ffea2" testName="TestAllOne" computerName="HUMAN-PC" duration="00:00:00.0004208" startTime="2012-04-18T10:35:13.7320972+08:00" endTime="2012-04-18T10:35:13.7550986+08:00" testType="13cdc9d9-ddb5-4fa4-a97d-d965ccfc6d4b" outcome="Passed" testListId="8c84fa94-04c1-424b-9868-57a2d4851a1d" relativeResultsDirectory="891a799c-2d11-4729-9b9e-5a5ed4525a00">
    </UnitTestResult>
    <UnitTestResult executionId="c05abddd-4631-4ade-8f90-4d948271c77f" testId="b5e493ea-21b5-887a-d317-c2faaecc3402" testName="RollSpare" computerName="HUMAN-PC" testType="13cdc9d9-ddb5-4fa4-a97d-d965ccfc6d4b" outcome="NotRunnable" testListId="8c84fa94-04c1-424b-9868-57a2d4851a1d" relativeResultsDirectory="c05abddd-4631-4ade-8f90-4d948271c77f">
      <Output>
        <ErrorInfo>
          <Message>UTA007: 在类 BlowlingGameTest.UnitTest1 中定义的方法 RollSpare 没有正确的签名。用 [TestMethod] 特性标记的测试方法必须是非静态的公共方法，不返回值并且不应带有任何参数。例如: public void Test.Class1.Test()。</Message>
        </ErrorInfo>
      </Output>
    </UnitTestResult>
    <UnitTestResult executionId="e1e16464-b17d-447e-96b6-3d95bddef97b" testId="fe4a4d48-d931-73f5-7275-cc6ba94c7930" testName="TestOneStrike" computerName="HUMAN-PC" duration="00:00:00.0003074" startTime="2012-04-18T10:35:13.7700994+08:00" endTime="2012-04-18T10:35:13.7861003+08:00" testType="13cdc9d9-ddb5-4fa4-a97d-d965ccfc6d4b" outcome="Passed" testListId="8c84fa94-04c1-424b-9868-57a2d4851a1d" relativeResultsDirectory="e1e16464-b17d-447e-96b6-3d95bddef97b">
    </UnitTestResult>
  </Results>
</TestRun>