<?xml version="1.0" encoding="UTF-8"?>
<TestRun id="cb1e0751-b77b-4b20-bba8-3a71b4f4647a" name="Human@HUMAN-PC 2012-04-10 18:43:10" runUser="Human-PC\Human" xmlns="http://microsoft.com/schemas/VisualStudio/TeamTest/2010">
  <TestSettings name="本地" id="784ef2bf-576a-43ab-bf05-7a9c7898302e">
    <Description>这些设置为本地测试运行的默认测试设置。</Description>
    <Deployment enabled="false" runDeploymentRoot="Human_HUMAN-PC 2012-04-10 18_43_10">
      <DeploymentItem filename="G:\Pro\C#\BlowlingGame\BlowlingGame\bin\Debug\BlowlingGame.exe" />
    </Deployment>
    <Execution>
      <TestTypeSpecific />
      <AgentRule name="Execution Agents">
      </AgentRule>
    </Execution>
  </TestSettings>
  <Times creation="2012-04-10T18:43:10.3423757+08:00" queuing="2012-04-10T18:43:10.3783777+08:00" start="2012-04-10T18:43:10.4133797+08:00" finish="2012-04-10T18:43:10.7894012+08:00" />
  <ResultSummary outcome="Completed">
    <Counters total="1" executed="1" passed="1" error="0" failed="0" timeout="0" aborted="0" inconclusive="0" passedButRunAborted="0" notRunnable="0" notExecuted="0" disconnected="0" warning="0" completed="0" inProgress="0" pending="0" />
  </ResultSummary>
  <TestDefinitions>
    <UnitTest name="TestAllOne" storage="g:\pro\c#\blowlinggame\blowlinggametest\bin\debug\blowlinggametest.dll" id="94c5e80f-a579-d90d-a71f-5045933ffea2">
      <Execution id="0fd33ac8-0d62-4974-ac68-1f18d09e60d7" />
      <TestMethod codeBase="G:/Pro/C#/BlowlingGame/BlowlingGameTest/bin/Debug/BlowlingGameTest.DLL" adapterTypeName="Microsoft.VisualStudio.TestTools.TestTypes.Unit.UnitTestAdapter, Microsoft.VisualStudio.QualityTools.Tips.UnitTest.Adapter, Version=10.0.0.0, Culture=neutral, PublicKeyToken=b03f5f7f11d50a3a" className="BlowlingGameTest.UnitTest1, BlowlingGameTest, Version=1.0.0.0, Culture=neutral, PublicKeyToken=null" name="TestAllOne" />
    </UnitTest>
  </TestDefinitions>
  <TestLists>
    <TestList name="列表中未列出的结果" id="8c84fa94-04c1-424b-9868-57a2d4851a1d" />
    <TestList name="所有已加载的结果" id="19431567-8539-422a-85d7-44ee4e166bda" />
  </TestLists>
  <TestEntries>
    <TestEntry testId="94c5e80f-a579-d90d-a71f-5045933ffea2" executionId="0fd33ac8-0d62-4974-ac68-1f18d09e60d7" testListId="8c84fa94-04c1-424b-9868-57a2d4851a1d" />
  </TestEntries>
  <Results>
    <UnitTestResult executionId="0fd33ac8-0d62-4974-ac68-1f18d09e60d7" testId="94c5e80f-a579-d90d-a71f-5045933ffea2" testName="TestAllOne" computerName="HUMAN-PC" duration="00:00:00.0196343" startTime="2012-04-10T18:43:10.4243804+08:00" endTime="2012-04-10T18:43:10.7603996+08:00" testType="13cdc9d9-ddb5-4fa4-a97d-d965ccfc6d4b" outcome="Passed" testListId="8c84fa94-04c1-424b-9868-57a2d4851a1d" relativeResultsDirectory="0fd33ac8-0d62-4974-ac68-1f18d09e60d7">
    </UnitTestResult>
  </Results>
</TestRun>