<?xml version="1.0" encoding="UTF-8"?>
<TestRun id="6cf10a88-1a7c-4f6e-9ca5-050108e17ea1" name="Human@HUMAN-PC 2012-04-18 10:37:17" runUser="Human-PC\Human" xmlns="http://microsoft.com/schemas/VisualStudio/TeamTest/2010">
  <TestSettings name="本地" id="784ef2bf-576a-43ab-bf05-7a9c7898302e">
    <Description>这些设置为本地测试运行的默认测试设置。</Description>
    <Deployment enabled="false" runDeploymentRoot="Human_HUMAN-PC 2012-04-18 10_37_17">
      <DeploymentItem filename="G:\Pro\C#\BlowlingGame\BlowlingGame\bin\Debug\BlowlingGame.exe" />
    </Deployment>
    <Execution>
      <TestTypeSpecific />
      <AgentRule name="Execution Agents">
      </AgentRule>
    </Execution>
  </TestSettings>
  <Times creation="2012-04-18T10:37:17.2751635+08:00" queuing="2012-04-18T10:37:19.3252808+08:00" start="2012-04-18T10:37:19.5242921+08:00" finish="2012-04-18T10:37:21.2073884+08:00" />
  <ResultSummary outcome="Completed">
    <Counters total="4" executed="4" passed="4" error="0" failed="0" timeout="0" aborted="0" inconclusive="0" passedButRunAborted="0" notRunnable="0" notExecuted="0" disconnected="0" warning="0" completed="0" inProgress="0" pending="0" />
  </ResultSummary>
  <TestDefinitions>
    <UnitTest name="TestAllOne" storage="g:\pro\c#\blowlinggame\blowlinggametest\bin\debug\blowlinggametest.dll" id="94c5e80f-a579-d90d-a71f-5045933ffea2">
      <Execution id="57493b32-c446-49cb-8a2b-bf44a19beedb" />
      <TestMethod codeBase="G:/Pro/C#/BlowlingGame/BlowlingGameTest/bin/Debug/BlowlingGameTest.DLL" adapterTypeName="Microsoft.VisualStudio.TestTools.TestTypes.Unit.UnitTestAdapter, Microsoft.VisualStudio.QualityTools.Tips.UnitTest.Adapter, Version=10.0.0.0, Culture=neutral, PublicKeyToken=b03f5f7f11d50a3a" className="BlowlingGameTest.UnitTest1, BlowlingGameTest, Version=1.0.0.0, Culture=neutral, PublicKeyToken=null" name="TestAllOne" />
    </UnitTest>
    <UnitTest name="TestAllZero" storage="g:\pro\c#\blowlinggame\blowlinggametest\bin\debug\blowlinggametest.dll" id="7b79a6ba-6a0d-d8ca-3be5-a608a9d27939">
      <Execution id="8d2ebbf6-4b32-4846-937e-8cee47f5b23e" />
      <TestMethod codeBase="G:/Pro/C#/BlowlingGame/BlowlingGameTest/bin/Debug/BlowlingGameTest.DLL" adapterTypeName="Microsoft.VisualStudio.TestTools.TestTypes.Unit.UnitTestAdapter, Microsoft.VisualStudio.QualityTools.Tips.UnitTest.Adapter, Version=10.0.0.0, Culture=neutral, PublicKeyToken=b03f5f7f11d50a3a" className="BlowlingGameTest.UnitTest1, BlowlingGameTest, Version=1.0.0.0, Culture=neutral, PublicKeyToken=null" name="TestAllZero" />
    </UnitTest>
    <UnitTest name="TestOneSpare" storage="g:\pro\c#\blowlinggame\blowlinggametest\bin\debug\blowlinggametest.dll" id="a86dde82-7aae-ceea-8968-b147737603e6">
      <Execution id="2a96f1db-bca3-48d8-890a-708663a06048" />
      <TestMethod codeBase="G:/Pro/C#/BlowlingGame/BlowlingGameTest/bin/Debug/BlowlingGameTest.DLL" adapterTypeName="Microsoft.VisualStudio.TestTools.TestTypes.Unit.UnitTestAdapter, Microsoft.VisualStudio.QualityTools.Tips.UnitTest.Adapter, Version=10.0.0.0, Culture=neutral, PublicKeyToken=b03f5f7f11d50a3a" className="BlowlingGameTest.UnitTest1, BlowlingGameTest, Version=1.0.0.0, Culture=neutral, PublicKeyToken=null" name="TestOneSpare" />
    </UnitTest>
    <UnitTest name="TestOneStrike" storage="g:\pro\c#\blowlinggame\blowlinggametest\bin\debug\blowlinggametest.dll" id="fe4a4d48-d931-73f5-7275-cc6ba94c7930">
      <Execution id="44813819-cb52-48c0-a55a-7aa4448184f9" />
      <TestMethod codeBase="G:/Pro/C#/BlowlingGame/BlowlingGameTest/bin/Debug/BlowlingGameTest.DLL" adapterTypeName="Microsoft.VisualStudio.TestTools.TestTypes.Unit.UnitTestAdapter, Microsoft.VisualStudio.QualityTools.Tips.UnitTest.Adapter, Version=10.0.0.0, Culture=neutral, PublicKeyToken=b03f5f7f11d50a3a" className="BlowlingGameTest.UnitTest1, BlowlingGameTest, Version=1.0.0.0, Culture=neutral, PublicKeyToken=null" name="TestOneStrike" />
    </UnitTest>
  </TestDefinitions>
  <TestLists>
    <TestList name="列表中未列出的结果" id="8c84fa94-04c1-424b-9868-57a2d4851a1d" />
    <TestList name="所有已加载的结果" id="19431567-8539-422a-85d7-44ee4e166bda" />
  </TestLists>
  <TestEntries>
    <TestEntry testId="7b79a6ba-6a0d-d8ca-3be5-a608a9d27939" executionId="8d2ebbf6-4b32-4846-937e-8cee47f5b23e" testListId="8c84fa94-04c1-424b-9868-57a2d4851a1d" />
    <TestEntry testId="94c5e80f-a579-d90d-a71f-5045933ffea2" executionId="57493b32-c446-49cb-8a2b-bf44a19beedb" testListId="8c84fa94-04c1-424b-9868-57a2d4851a1d" />
    <TestEntry testId="a86dde82-7aae-ceea-8968-b147737603e6" executionId="2a96f1db-bca3-48d8-890a-708663a06048" testListId="8c84fa94-04c1-424b-9868-57a2d4851a1d" />
    <TestEntry testId="fe4a4d48-d931-73f5-7275-cc6ba94c7930" executionId="44813819-cb52-48c0-a55a-7aa4448184f9" testListId="8c84fa94-04c1-424b-9868-57a2d4851a1d" />
  </TestEntries>
  <Results>
    <UnitTestResult executionId="8d2ebbf6-4b32-4846-937e-8cee47f5b23e" testId="7b79a6ba-6a0d-d8ca-3be5-a608a9d27939" testName="TestAllZero" computerName="HUMAN-PC" duration="00:00:00.0362406" startTime="2012-04-18T10:37:19.6192976+08:00" endTime="2012-04-18T10:37:20.9483736+08:00" testType="13cdc9d9-ddb5-4fa4-a97d-d965ccfc6d4b" outcome="Passed" testListId="8c84fa94-04c1-424b-9868-57a2d4851a1d" relativeResultsDirectory="8d2ebbf6-4b32-4846-937e-8cee47f5b23e">
    </UnitTestResult>
    <UnitTestResult executionId="57493b32-c446-49cb-8a2b-bf44a19beedb" testId="94c5e80f-a579-d90d-a71f-5045933ffea2" testName="TestAllOne" computerName="HUMAN-PC" duration="00:00:00.0004254" startTime="2012-04-18T10:37:20.9733750+08:00" endTime="2012-04-18T10:37:20.9893759+08:00" testType="13cdc9d9-ddb5-4fa4-a97d-d965ccfc6d4b" outcome="Passed" testListId="8c84fa94-04c1-424b-9868-57a2d4851a1d" relativeResultsDirectory="57493b32-c446-49cb-8a2b-bf44a19beedb">
    </UnitTestResult>
    <UnitTestResult executionId="2a96f1db-bca3-48d8-890a-708663a06048" testId="a86dde82-7aae-ceea-8968-b147737603e6" testName="TestOneSpare" computerName="HUMAN-PC" duration="00:00:00.0004021" startTime="2012-04-18T10:37:21.0023767+08:00" endTime="2012-04-18T10:37:21.0183776+08:00" testType="13cdc9d9-ddb5-4fa4-a97d-d965ccfc6d4b" outcome="Passed" testListId="8c84fa94-04c1-424b-9868-57a2d4851a1d" relativeResultsDirectory="2a96f1db-bca3-48d8-890a-708663a06048">
    </UnitTestResult>
    <UnitTestResult executionId="44813819-cb52-48c0-a55a-7aa4448184f9" testId="fe4a4d48-d931-73f5-7275-cc6ba94c7930" testName="TestOneStrike" computerName="HUMAN-PC" duration="00:00:00.0003051" startTime="2012-04-18T10:37:21.0323784+08:00" endTime="2012-04-18T10:37:21.0503794+08:00" testType="13cdc9d9-ddb5-4fa4-a97d-d965ccfc6d4b" outcome="Passed" testListId="8c84fa94-04c1-424b-9868-57a2d4851a1d" relativeResultsDirectory="44813819-cb52-48c0-a55a-7aa4448184f9">
    </UnitTestResult>
  </Results>
</TestRun>